Sencha Cmd 7.6.0.87 - Crash report
================================================
An error occurred while executing the following command: -sdk C:\Users\ratul.hasan\Desktop\ATM Dispute GUI Existing\updated-triton-gui\gui\extJS\WS_7.2.0 generate app NewApp C:\Users\ratul.hasan\Desktop\Trial

Diagnostic information:
=======================
                    buildenvironment.dir : C:\Users\ratul.hasan\Desktop\ATM Dispute GUI Existing\updated-triton-gui\gui\extJS\WS_7.2.0
               buildenvironment.load.dir : C:\Users\ratul.hasan\Desktop\ATM Dispute GUI Existing\updated-triton-gui\gui\extJS\WS_7.2.0
                          cmd.config.dir : C:\Apps\Sencha\Cmd\7.6.0.87                       
                                 cmd.dir : C:\Apps\Sencha\Cmd\7.6.0.87                       
              cmd.merge.tool.args.araxis : -wait -merge -3 -a1 {base} {user} {generated} {out}
              cmd.merge.tool.args.kdiff3 : {base} {user} {generated} -o {out}                
             cmd.merge.tool.args.p4merge : {base} {user} {generated} {out}                   
           cmd.merge.tool.args.smartsync : {user} {generated} {base}                         
          cmd.merge.tool.args.sourcegear : --merge --result={out} {user} {base} {generated}  
            cmd.merge.tool.args.tortoise : -base:{base} -theirs:{generated} -mine:{user} -merged:{out}
                              cmd.minver : 3.0.0.0                                           
                            cmd.platform : windows                                           
                     cmd.unicode.escapes : C:\Apps\Sencha\Cmd\7.6.0.87/unicode-escapes.json  
                             cmd.version : 7.6.0.87                                          
                            cmd.web.port : 1841                                              
                       inspector.address : http://localhost:1839/                            
                          repo.local.dir : C:\Apps\Sencha\Cmd\repo                           
                       shared.sencha.dir : false                                             
        system.java.net.useSystemProxies : true                                              
                          workspace.apps : apps/atm_recon                                    
                        workspace.apps.0 : apps/atm_recon                                    
                   workspace.apps.length : 1                                                 
                     workspace.build.dir : C:\Users\ratul.hasan\Desktop\ATM Dispute GUI Existing\updated-triton-gui\gui\extJS\WS_7.2.0/build
                    workspace.config.dir : C:\Apps\Sencha\Cmd\7.6.0.87\ant\build\workspace   
                           workspace.dir : C:\Users\ratul.hasan\Desktop\ATM Dispute GUI Existing\updated-triton-gui\gui\extJS\WS_7.2.0
           workspace.frameworks.ext.path : C:\Users\ratul.hasan\Desktop\ATM Dispute GUI Existing\updated-triton-gui\gui\extJS\WS_7.2.0\ext
        workspace.frameworks.ext.version : 7.2.0.67                                          
                  workspace.packages.dir : C:\Users\ratul.hasan\Desktop\ATM Dispute GUI Existing\updated-triton-gui\gui\extJS\WS_7.2.0/packages/local,C:\Users\ratul.hasan\Desktop\ATM Dispute GUI Existing\updated-triton-gui\gui\extJS\WS_7.2.0/packages
              workspace.packages.extract : C:\Users\ratul.hasan\Desktop\ATM Dispute GUI Existing\updated-triton-gui\gui\extJS\WS_7.2.0/packages/remote

Exception information:
=======================
com.sencha.exceptions.ExState: Not a framework directory : C:\Users\ratul.hasan\Desktop\ATM
     at com.sencha.cli.AbstractCommand$Property.set(AbstractCommand.java:408)
     at com.sencha.cli.AbstractCommand.processConfigParam(AbstractCommand.java:530)
     at com.sencha.cli.AbstractCommand.configure(AbstractCommand.java:114)
     at com.sencha.command.Sencha.main(Sencha.java:135)
     at sun.reflect.NativeMethodAccessorImpl.invoke0(Native Method)
     at sun.reflect.NativeMethodAccessorImpl.invoke(NativeMethodAccessorImpl.java:62)
     at sun.reflect.DelegatingMethodAccessorImpl.invoke(DelegatingMethodAccessorImpl.java:43)
     at java.lang.reflect.Method.invoke(Method.java:498)
     at com.exe4j.runtime.LauncherEngine.launch(LauncherEngine.java:84)
     at com.exe4j.runtime.WinLauncher.main(WinLauncher.java:94)
     at com.install4j.runtime.launcher.WinLauncher.main(WinLauncher.java:25)
   Caused by: Not a framework directory : C:\Users\ratul.hasan\Desktop\ATM
     at com.sencha.command.Sencha.setSdkPath(Sencha.java:439)
     at sun.reflect.NativeMethodAccessorImpl.invoke0(Native Method)
     at sun.reflect.NativeMethodAccessorImpl.invoke(NativeMethodAccessorImpl.java:62)
     at sun.reflect.DelegatingMethodAccessorImpl.invoke(DelegatingMethodAccessorImpl.java:43)
     at java.lang.reflect.Method.invoke(Method.java:498)
     at com.sencha.cli.AbstractCommand$Property.set(AbstractCommand.java:396)
     at com.sencha.cli.AbstractCommand.processConfigParam(AbstractCommand.java:530)
     at com.sencha.cli.AbstractCommand.configure(AbstractCommand.java:114)
     at com.sencha.command.Sencha.main(Sencha.java:135)
     at sun.reflect.NativeMethodAccessorImpl.invoke0(Native Method)
     at sun.reflect.NativeMethodAccessorImpl.invoke(NativeMethodAccessorImpl.java:62)
     at sun.reflect.DelegatingMethodAccessorImpl.invoke(DelegatingMethodAccessorImpl.java:43)
     at java.lang.reflect.Method.invoke(Method.java:498)
     at com.exe4j.runtime.LauncherEngine.launch(LauncherEngine.java:84)
     at com.exe4j.runtime.WinLauncher.main(WinLauncher.java:94)
     at com.install4j.runtime.launcher.WinLauncher.main(WinLauncher.java:25)

